[ 2013-06-14T11:15:18+08:00 ] 127.0.0.1 /rbac/
ERR: Unknown database 'examples'

[ 2013-06-14T11:15:28+08:00 ] 127.0.0.1 /rbac/
ERR: Unknown database 'examples'

[ 2013-06-14T11:16:55+08:00 ] 127.0.0.1 /rbac/
ERR: Unknown database 'examples'

[ 2013-06-14T11:17:08+08:00 ] 127.0.0.1 /rbac/
ERR: Unknown database 'examples'

[ 2013-06-14T11:17:49+08:00 ] 127.0.0.1 /rbac/Public/images/idx_btnbg.gif
ERR: ÈùûÊ≥ïÊìç‰Ωú:images

[ 2013-06-14T11:17:51+08:00 ] 127.0.0.1 /rbac/Public/images/idx_btnbg.gif
ERR: ÈùûÊ≥ïÊìç‰Ωú:images

[ 2013-06-14T11:17:55+08:00 ] 127.0.0.1 /rbac/Index/index
INFO: [ view_template ] --START--
INFO: Run LocationTemplate Behavior [ RunTime:0.000000s ]
INFO: [ view_template ] --END-- [ RunTime:0.001000s ]
INFO: [ view_parse ] --START--
INFO: Run ParseTemplate Behavior [ RunTime:0.007000s ]
INFO: [ view_parse ] --END-- [ RunTime:0.007000s ]
INFO: [ view_filter ] --START--
INFO: Run ContentReplace Behavior [ RunTime:0.001000s ]
INFO: Run TokenBuild Behavior [ RunTime:0.000000s ]
INFO: Run WriteHtmlCache Behavior [ RunTime:0.000000s ]
INFO: Run ShowRuntime Behavior [ RunTime:0.001000s ]
INFO: [ view_filter ] --END-- [ RunTime:0.002000s ]
INFO: [ view_end ] --START--
INFO: Run ShowPageTrace Behavior [ RunTime:0.000000s ]
INFO: [ view_end ] --END-- [ RunTime:0.000000s ]

[ 2013-06-14T11:17:56+08:00 ] 127.0.0.1 /rbac/Public/top
SQL: SHOW COLUMNS FROM `cnvp_group` [ RunTime:0.057003s ]
SQL: SELECT `id`,`title` FROM `cnvp_group` WHERE ( status=1 )  [ RunTime:0.052003s ]
INFO: [ view_template ] --START--
INFO: Run LocationTemplate Behavior [ RunTime:0.000000s ]
INFO: [ view_template ] --END-- [ RunTime:0.000000s ]
INFO: [ view_parse ] --START--
INFO: Run ParseTemplate Behavior [ RunTime:0.007001s ]
INFO: [ view_parse ] --END-- [ RunTime:0.007001s ]
INFO: [ view_filter ] --START--
INFO: Run ContentReplace Behavior [ RunTime:0.000000s ]
INFO: Run TokenBuild Behavior [ RunTime:0.001000s ]
INFO: Run WriteHtmlCache Behavior [ RunTime:0.000000s ]
INFO: Run ShowRuntime Behavior [ RunTime:0.000000s ]
INFO: [ view_filter ] --END-- [ RunTime:0.001000s ]
INFO: [ view_end ] --START--
INFO: Run ShowPageTrace Behavior [ RunTime:0.001000s ]
INFO: [ view_end ] --END-- [ RunTime:0.001000s ]

[ 2013-06-14T11:17:57+08:00 ] 127.0.0.1 /rbac/Public/menu
INFO: [ view_template ] --START--
INFO: Run LocationTemplate Behavior [ RunTime:0.001000s ]
INFO: [ view_template ] --END-- [ RunTime:0.001000s ]
INFO: [ view_parse ] --START--
NOTIC: [8] Undefined variable: menuTag F:\git\hzcnvp\rbac\App\Runtime\Cache\10a6c7e591c767fd76726ec0dae6d8fa.php Á¨¨ 22 Ë°å.
NOTIC: [8] Undefined variable: menuTag F:\git\hzcnvp\rbac\App\Runtime\Cache\10a6c7e591c767fd76726ec0dae6d8fa.php Á¨¨ 22 Ë°å.
NOTIC: [8] Undefined variable: menuTag F:\git\hzcnvp\rbac\App\Runtime\Cache\10a6c7e591c767fd76726ec0dae6d8fa.php Á¨¨ 22 Ë°å.
NOTIC: [8] Undefined variable: menuTag F:\git\hzcnvp\rbac\App\Runtime\Cache\10a6c7e591c767fd76726ec0dae6d8fa.php Á¨¨ 22 Ë°å.
NOTIC: [8] Undefined variable: menuTag F:\git\hzcnvp\rbac\App\Runtime\Cache\10a6c7e591c767fd76726ec0dae6d8fa.php Á¨¨ 22 Ë°å.
NOTIC: [8] Undefined variable: menuTag F:\git\hzcnvp\rbac\App\Runtime\Cache\10a6c7e591c767fd76726ec0dae6d8fa.php Á¨¨ 22 Ë°å.
INFO: Run ParseTemplate Behavior [ RunTime:0.007001s ]
INFO: [ view_parse ] --END-- [ RunTime:0.007001s ]
INFO: [ view_filter ] --START--
INFO: Run ContentReplace Behavior [ RunTime:0.001000s ]
INFO: Run TokenBuild Behavior [ RunTime:0.000000s ]
INFO: Run WriteHtmlCache Behavior [ RunTime:0.000000s ]
INFO: Run ShowRuntime Behavior [ RunTime:0.000000s ]
INFO: [ view_filter ] --END-- [ RunTime:0.001000s ]
INFO: [ view_end ] --START--
INFO: Run ShowPageTrace Behavior [ RunTime:0.000000s ]
INFO: [ view_end ] --END-- [ RunTime:0.001000s ]

[ 2013-06-14T11:17:57+08:00 ] 127.0.0.1 /rbac/Public/footer
INFO: [ view_template ] --START--
INFO: Run LocationTemplate Behavior [ RunTime:0.002000s ]
INFO: [ view_template ] --END-- [ RunTime:0.002000s ]
INFO: [ view_parse ] --START--
INFO: Run ParseTemplate Behavior [ RunTime:0.015001s ]
INFO: [ view_parse ] --END-- [ RunTime:0.015001s ]
INFO: [ view_filter ] --START--
INFO: Run ContentReplace Behavior [ RunTime:0.001000s ]
INFO: Run TokenBuild Behavior [ RunTime:0.002000s ]
INFO: Run WriteHtmlCache Behavior [ RunTime:0.001000s ]
INFO: Run ShowRuntime Behavior [ RunTime:0.000000s ]
INFO: [ view_filter ] --END-- [ RunTime:0.004000s ]
INFO: [ view_end ] --START--
INFO: Run ShowPageTrace Behavior [ RunTime:0.001000s ]
INFO: [ view_end ] --END-- [ RunTime:0.001000s ]

[ 2013-06-14T11:17:57+08:00 ] 127.0.0.1 /rbac/Public/drag
INFO: [ view_template ] --START--
INFO: Run LocationTemplate Behavior [ RunTime:0.001000s ]
INFO: [ view_template ] --END-- [ RunTime:0.001000s ]
INFO: [ view_parse ] --START--
INFO: Run ParseTemplate Behavior [ RunTime:0.015001s ]
INFO: [ view_parse ] --END-- [ RunTime:0.015001s ]
INFO: [ view_filter ] --START--
INFO: Run ContentReplace Behavior [ RunTime:0.000000s ]
INFO: Run TokenBuild Behavior [ RunTime:0.000000s ]
INFO: Run WriteHtmlCache Behavior [ RunTime:0.001000s ]
INFO: Run ShowRuntime Behavior [ RunTime:0.000000s ]
INFO: [ view_filter ] --END-- [ RunTime:0.001000s ]
INFO: [ view_end ] --START--
INFO: Run ShowPageTrace Behavior [ RunTime:0.001000s ]
INFO: [ view_end ] --END-- [ RunTime:0.001000s ]

[ 2013-06-14T11:17:57+08:00 ] 127.0.0.1 /rbac/Public/Images/body_bg.gif
ERR: ÈùûÊ≥ïÊìç‰Ωú:Images

[ 2013-06-14T11:17:58+08:00 ] 127.0.0.1 /rbac/Public/menu/tag/2/title/”¶”√÷––ƒ
INFO: [ view_template ] --START--
INFO: Run LocationTemplate Behavior [ RunTime:0.001000s ]
INFO: [ view_template ] --END-- [ RunTime:0.001000s ]
INFO: [ view_parse ] --START--
INFO: Run ParseTemplate Behavior [ RunTime:0.006000s ]
INFO: [ view_parse ] --END-- [ RunTime:0.006000s ]
INFO: [ view_filter ] --START--
INFO: Run ContentReplace Behavior [ RunTime:0.001000s ]
INFO: Run TokenBuild Behavior [ RunTime:0.000000s ]
INFO: Run WriteHtmlCache Behavior [ RunTime:0.000000s ]
INFO: Run ShowRuntime Behavior [ RunTime:0.001000s ]
INFO: [ view_filter ] --END-- [ RunTime:0.002000s ]
INFO: [ view_end ] --START--
INFO: Run ShowPageTrace Behavior [ RunTime:0.000000s ]
INFO: [ view_end ] --END-- [ RunTime:0.000000s ]

[ 2013-06-14T11:23:10+08:00 ] 127.0.0.1 /rbac/Index/index
INFO: [ view_template ] --START--
INFO: Run LocationTemplate Behavior [ RunTime:0.000000s ]
INFO: [ view_template ] --END-- [ RunTime:0.000000s ]
INFO: [ view_parse ] --START--
INFO: Run ParseTemplate Behavior [ RunTime:0.005000s ]
INFO: [ view_parse ] --END-- [ RunTime:0.005000s ]
INFO: [ view_filter ] --START--
INFO: Run ContentReplace Behavior [ RunTime:0.001000s ]
INFO: Run TokenBuild Behavior [ RunTime:0.000000s ]
INFO: Run WriteHtmlCache Behavior [ RunTime:0.000000s ]
INFO: Run ShowRuntime Behavior [ RunTime:0.001000s ]
INFO: [ view_filter ] --END-- [ RunTime:0.002000s ]
INFO: [ view_end ] --START--
INFO: Run ShowPageTrace Behavior [ RunTime:0.000000s ]
INFO: [ view_end ] --END-- [ RunTime:0.000000s ]

[ 2013-06-14T11:23:10+08:00 ] 127.0.0.1 /rbac/Public/menu
INFO: [ view_template ] --START--
INFO: Run LocationTemplate Behavior [ RunTime:0.002000s ]
INFO: [ view_template ] --END-- [ RunTime:0.002000s ]
INFO: [ view_parse ] --START--
NOTIC: [8] Undefined variable: menuTag F:\git\hzcnvp\rbac\App\Runtime\Cache\10a6c7e591c767fd76726ec0dae6d8fa.php Á¨¨ 22 Ë°å.
NOTIC: [8] Undefined variable: menuTag F:\git\hzcnvp\rbac\App\Runtime\Cache\10a6c7e591c767fd76726ec0dae6d8fa.php Á¨¨ 22 Ë°å.
NOTIC: [8] Undefined variable: menuTag F:\git\hzcnvp\rbac\App\Runtime\Cache\10a6c7e591c767fd76726ec0dae6d8fa.php Á¨¨ 22 Ë°å.
NOTIC: [8] Undefined variable: menuTag F:\git\hzcnvp\rbac\App\Runtime\Cache\10a6c7e591c767fd76726ec0dae6d8fa.php Á¨¨ 22 Ë°å.
NOTIC: [8] Undefined variable: menuTag F:\git\hzcnvp\rbac\App\Runtime\Cache\10a6c7e591c767fd76726ec0dae6d8fa.php Á¨¨ 22 Ë°å.
NOTIC: [8] Undefined variable: menuTag F:\git\hzcnvp\rbac\App\Runtime\Cache\10a6c7e591c767fd76726ec0dae6d8fa.php Á¨¨ 22 Ë°å.
INFO: Run ParseTemplate Behavior [ RunTime:0.013001s ]
INFO: [ view_parse ] --END-- [ RunTime:0.013001s ]
INFO: [ view_filter ] --START--
INFO: Run ContentReplace Behavior [ RunTime:0.001000s ]
INFO: Run TokenBuild Behavior [ RunTime:0.001000s ]
INFO: Run WriteHtmlCache Behavior [ RunTime:0.000000s ]
INFO: Run ShowRuntime Behavior [ RunTime:0.000000s ]
INFO: [ view_filter ] --END-- [ RunTime:0.003000s ]
INFO: [ view_end ] --START--
INFO: Run ShowPageTrace Behavior [ RunTime:0.001000s ]
INFO: [ view_end ] --END-- [ RunTime:0.001000s ]

[ 2013-06-14T11:23:10+08:00 ] 127.0.0.1 /rbac/Public/top
SQL: SHOW COLUMNS FROM `cnvp_group` [ RunTime:0.056004s ]
SQL: SELECT `id`,`title` FROM `cnvp_group` WHERE ( status=1 )  [ RunTime:0.053003s ]
INFO: [ view_template ] --START--
INFO: Run LocationTemplate Behavior [ RunTime:0.000000s ]
INFO: [ view_template ] --END-- [ RunTime:0.000000s ]
INFO: [ view_parse ] --START--
INFO: Run ParseTemplate Behavior [ RunTime:0.006000s ]
INFO: [ view_parse ] --END-- [ RunTime:0.006000s ]
INFO: [ view_filter ] --START--
INFO: Run ContentReplace Behavior [ RunTime:0.000000s ]
INFO: Run TokenBuild Behavior [ RunTime:0.000000s ]
INFO: Run WriteHtmlCache Behavior [ RunTime:0.001000s ]
INFO: Run ShowRuntime Behavior [ RunTime:0.000000s ]
INFO: [ view_filter ] --END-- [ RunTime:0.001000s ]
INFO: [ view_end ] --START--
INFO: Run ShowPageTrace Behavior [ RunTime:0.000000s ]
INFO: [ view_end ] --END-- [ RunTime:0.000000s ]

[ 2013-06-14T11:23:10+08:00 ] 127.0.0.1 /rbac/Public/footer
INFO: [ view_template ] --START--
INFO: Run LocationTemplate Behavior [ RunTime:0.000000s ]
INFO: [ view_template ] --END-- [ RunTime:0.000000s ]
INFO: [ view_parse ] --START--
INFO: Run ParseTemplate Behavior [ RunTime:0.007001s ]
INFO: [ view_parse ] --END-- [ RunTime:0.007001s ]
INFO: [ view_filter ] --START--
INFO: Run ContentReplace Behavior [ RunTime:0.000000s ]
INFO: Run TokenBuild Behavior [ RunTime:0.001000s ]
INFO: Run WriteHtmlCache Behavior [ RunTime:0.000000s ]
INFO: Run ShowRuntime Behavior [ RunTime:0.000000s ]
INFO: [ view_filter ] --END-- [ RunTime:0.001000s ]
INFO: [ view_end ] --START--
INFO: Run ShowPageTrace Behavior [ RunTime:0.001000s ]
INFO: [ view_end ] --END-- [ RunTime:0.001000s ]

[ 2013-06-14T11:23:10+08:00 ] 127.0.0.1 /rbac/Public/drag
INFO: [ view_template ] --START--
INFO: Run LocationTemplate Behavior [ RunTime:0.000000s ]
INFO: [ view_template ] --END-- [ RunTime:0.000000s ]
INFO: [ view_parse ] --START--
INFO: Run ParseTemplate Behavior [ RunTime:0.006000s ]
INFO: [ view_parse ] --END-- [ RunTime:0.006000s ]
INFO: [ view_filter ] --START--
INFO: Run ContentReplace Behavior [ RunTime:0.000000s ]
INFO: Run TokenBuild Behavior [ RunTime:0.001000s ]
INFO: Run WriteHtmlCache Behavior [ RunTime:0.000000s ]
INFO: Run ShowRuntime Behavior [ RunTime:0.000000s ]
INFO: [ view_filter ] --END-- [ RunTime:0.001000s ]
INFO: [ view_end ] --START--
INFO: Run ShowPageTrace Behavior [ RunTime:0.001000s ]
INFO: [ view_end ] --END-- [ RunTime:0.001000s ]

[ 2013-06-14T11:23:11+08:00 ] 127.0.0.1 /rbac/Public/Images/body_bg.gif
ERR: ÈùûÊ≥ïÊìç‰Ωú:Images

[ 2013-06-14T11:33:33+08:00 ] 127.0.0.1 /rbac/
INFO: [ view_template ] --START--
INFO: Run LocationTemplate Behavior [ RunTime:0.001001s ]
INFO: [ view_template ] --END-- [ RunTime:0.001001s ]
INFO: [ view_parse ] --START--
INFO: Run ParseTemplate Behavior [ RunTime:0.005000s ]
INFO: [ view_parse ] --END-- [ RunTime:0.005000s ]
INFO: [ view_filter ] --START--
INFO: Run ContentReplace Behavior [ RunTime:0.000000s ]
INFO: Run TokenBuild Behavior [ RunTime:0.000000s ]
INFO: Run WriteHtmlCache Behavior [ RunTime:0.001000s ]
INFO: Run ShowRuntime Behavior [ RunTime:0.000000s ]
INFO: [ view_filter ] --END-- [ RunTime:0.001000s ]
INFO: [ view_end ] --START--
INFO: Run ShowPageTrace Behavior [ RunTime:0.001000s ]
INFO: [ view_end ] --END-- [ RunTime:0.001000s ]

[ 2013-06-14T11:33:34+08:00 ] 127.0.0.1 /rbac/Public/top
SQL: SHOW COLUMNS FROM `cnvp_group` [ RunTime:0.060003s ]
SQL: SELECT `id`,`title` FROM `cnvp_group` WHERE ( status=1 )  [ RunTime:0.054003s ]
INFO: [ view_template ] --START--
INFO: Run LocationTemplate Behavior [ RunTime:0.000000s ]
INFO: [ view_template ] --END-- [ RunTime:0.000000s ]
INFO: [ view_parse ] --START--
INFO: Run ParseTemplate Behavior [ RunTime:0.006000s ]
INFO: [ view_parse ] --END-- [ RunTime:0.006000s ]
INFO: [ view_filter ] --START--
INFO: Run ContentReplace Behavior [ RunTime:0.000000s ]
INFO: Run TokenBuild Behavior [ RunTime:0.001000s ]
INFO: Run WriteHtmlCache Behavior [ RunTime:0.000000s ]
INFO: Run ShowRuntime Behavior [ RunTime:0.000000s ]
INFO: [ view_filter ] --END-- [ RunTime:0.001000s ]
INFO: [ view_end ] --START--
INFO: Run ShowPageTrace Behavior [ RunTime:0.001000s ]
INFO: [ view_end ] --END-- [ RunTime:0.001000s ]

[ 2013-06-14T11:33:34+08:00 ] 127.0.0.1 /rbac/Public/menu
INFO: [ view_template ] --START--
INFO: Run LocationTemplate Behavior [ RunTime:0.000000s ]
INFO: [ view_template ] --END-- [ RunTime:0.000000s ]
INFO: [ view_parse ] --START--
NOTIC: [8] Undefined variable: menuTag F:\git\hzcnvp\rbac\App\Runtime\Cache\10a6c7e591c767fd76726ec0dae6d8fa.php Á¨¨ 22 Ë°å.
NOTIC: [8] Undefined variable: menuTag F:\git\hzcnvp\rbac\App\Runtime\Cache\10a6c7e591c767fd76726ec0dae6d8fa.php Á¨¨ 22 Ë°å.
NOTIC: [8] Undefined variable: menuTag F:\git\hzcnvp\rbac\App\Runtime\Cache\10a6c7e591c767fd76726ec0dae6d8fa.php Á¨¨ 22 Ë°å.
NOTIC: [8] Undefined variable: menuTag F:\git\hzcnvp\rbac\App\Runtime\Cache\10a6c7e591c767fd76726ec0dae6d8fa.php Á¨¨ 22 Ë°å.
NOTIC: [8] Undefined variable: menuTag F:\git\hzcnvp\rbac\App\Runtime\Cache\10a6c7e591c767fd76726ec0dae6d8fa.php Á¨¨ 22 Ë°å.
NOTIC: [8] Undefined variable: menuTag F:\git\hzcnvp\rbac\App\Runtime\Cache\10a6c7e591c767fd76726ec0dae6d8fa.php Á¨¨ 22 Ë°å.
INFO: Run ParseTemplate Behavior [ RunTime:0.021001s ]
INFO: [ view_parse ] --END-- [ RunTime:0.021001s ]
INFO: [ view_filter ] --START--
INFO: Run ContentReplace Behavior [ RunTime:0.000000s ]
INFO: Run TokenBuild Behavior [ RunTime:0.001000s ]
INFO: Run WriteHtmlCache Behavior [ RunTime:0.000000s ]
INFO: Run ShowRuntime Behavior [ RunTime:0.000000s ]
INFO: [ view_filter ] --END-- [ RunTime:0.001000s ]
INFO: [ view_end ] --START--
INFO: Run ShowPageTrace Behavior [ RunTime:0.001000s ]
INFO: [ view_end ] --END-- [ RunTime:0.001000s ]

[ 2013-06-14T11:33:34+08:00 ] 127.0.0.1 /rbac/Public/drag
INFO: [ view_template ] --START--
INFO: Run LocationTemplate Behavior [ RunTime:0.001000s ]
INFO: [ view_template ] --END-- [ RunTime:0.001000s ]
INFO: [ view_parse ] --START--
INFO: Run ParseTemplate Behavior [ RunTime:0.019001s ]
INFO: [ view_parse ] --END-- [ RunTime:0.019001s ]
INFO: [ view_filter ] --START--
INFO: Run ContentReplace Behavior [ RunTime:0.001000s ]
INFO: Run TokenBuild Behavior [ RunTime:0.000000s ]
INFO: Run WriteHtmlCache Behavior [ RunTime:0.000000s ]
INFO: Run ShowRuntime Behavior [ RunTime:0.001000s ]
INFO: [ view_filter ] --END-- [ RunTime:0.002000s ]
INFO: [ view_end ] --START--
INFO: Run ShowPageTrace Behavior [ RunTime:0.000000s ]
INFO: [ view_end ] --END-- [ RunTime:0.000000s ]

[ 2013-06-14T11:33:34+08:00 ] 127.0.0.1 /rbac/Public/footer
INFO: [ view_template ] --START--
INFO: Run LocationTemplate Behavior [ RunTime:0.001000s ]
INFO: [ view_template ] --END-- [ RunTime:0.001000s ]
INFO: [ view_parse ] --START--
INFO: Run ParseTemplate Behavior [ RunTime:0.026002s ]
INFO: [ view_parse ] --END-- [ RunTime:0.026002s ]
INFO: [ view_filter ] --START--
INFO: Run ContentReplace Behavior [ RunTime:0.001000s ]
INFO: Run TokenBuild Behavior [ RunTime:0.000000s ]
INFO: Run WriteHtmlCache Behavior [ RunTime:0.000000s ]
INFO: Run ShowRuntime Behavior [ RunTime:0.001000s ]
INFO: [ view_filter ] --END-- [ RunTime:0.002000s ]
INFO: [ view_end ] --START--
INFO: Run ShowPageTrace Behavior [ RunTime:0.000000s ]
INFO: [ view_end ] --END-- [ RunTime:0.000000s ]

[ 2013-06-14T11:33:34+08:00 ] 127.0.0.1 /rbac/Public/Images/body_bg.gif
ERR: ÈùûÊ≥ïÊìç‰Ωú:Images

[ 2013-06-14T11:33:38+08:00 ] 127.0.0.1 /rbac/Public/menu/tag/2/title/”¶”√÷––ƒ
INFO: [ view_template ] --START--
INFO: Run LocationTemplate Behavior [ RunTime:0.001000s ]
INFO: [ view_template ] --END-- [ RunTime:0.001000s ]
INFO: [ view_parse ] --START--
INFO: Run ParseTemplate Behavior [ RunTime:0.006000s ]
INFO: [ view_parse ] --END-- [ RunTime:0.006000s ]
INFO: [ view_filter ] --START--
INFO: Run ContentReplace Behavior [ RunTime:0.001000s ]
INFO: Run TokenBuild Behavior [ RunTime:0.000000s ]
INFO: Run WriteHtmlCache Behavior [ RunTime:0.000000s ]
INFO: Run ShowRuntime Behavior [ RunTime:0.001001s ]
INFO: [ view_filter ] --END-- [ RunTime:0.002001s ]
INFO: [ view_end ] --START--
INFO: Run ShowPageTrace Behavior [ RunTime:0.000000s ]
INFO: [ view_end ] --END-- [ RunTime:0.000000s ]

